app/build/intermediates/manifest_merge_blame_file/release/manifest-merger-blame-release-report.txt
1<?xml version="1.0" encoding="utf-8"?>
2<manifest xmlns:android="http://schemas.android.com/apk/res/android"
3    package="com.example.aifloatingball"
4    android:versionCode="1"
5    android:versionName="1.0" >
6
7    <uses-sdk
8        android:minSdkVersion="24"
8-->src\main\AndroidManifest.xml
9        android:targetSdkVersion="34" />
9-->src\main\AndroidManifest.xml
10
11    <uses-permission android:name="android.permission.SYSTEM_ALERT_WINDOW" />
11-->src\main\AndroidManifest.xml:4:5-78
11-->src\main\AndroidManifest.xml:4:22-75
12    <uses-permission android:name="android.permission.INTERNET" />
12-->src\main\AndroidManifest.xml:5:5-67
12-->src\main\AndroidManifest.xml:5:22-64
13    <uses-permission android:name="android.permission.RECORD_AUDIO" />
13-->src\main\AndroidManifest.xml:6:5-71
13-->src\main\AndroidManifest.xml:6:22-68
14    <uses-permission android:name="android.permission.ACCESS_NETWORK_STATE" />
14-->src\main\AndroidManifest.xml:7:5-79
14-->src\main\AndroidManifest.xml:7:22-76
15    <uses-permission android:name="android.permission.FOREGROUND_SERVICE" />
15-->src\main\AndroidManifest.xml:8:5-77
15-->src\main\AndroidManifest.xml:8:22-74
16    <uses-permission android:name="android.permission.POST_NOTIFICATIONS" />
16-->src\main\AndroidManifest.xml:9:5-77
16-->src\main\AndroidManifest.xml:9:22-74
17    <uses-permission android:name="android.permission.FOREGROUND_SERVICE_SPECIAL_USE" />
17-->src\main\AndroidManifest.xml:10:5-89
17-->src\main\AndroidManifest.xml:10:22-86
18    <uses-permission android:name="android.permission.FOREGROUND_SERVICE_MEDIA_PROJECTION" />
18-->src\main\AndroidManifest.xml:11:5-94
18-->src\main\AndroidManifest.xml:11:22-91
19    <uses-permission android:name="android.permission.READ_EXTERNAL_STORAGE" />
19-->src\main\AndroidManifest.xml:12:5-80
19-->src\main\AndroidManifest.xml:12:22-77
20    <uses-permission android:name="android.permission.WRITE_EXTERNAL_STORAGE" />
20-->src\main\AndroidManifest.xml:13:5-81
20-->src\main\AndroidManifest.xml:13:22-78
21    <uses-permission android:name="android.permission.READ_CLIPBOARD" />
21-->src\main\AndroidManifest.xml:14:5-73
21-->src\main\AndroidManifest.xml:14:22-70
22    <uses-permission android:name="android.permission.WRITE_CLIPBOARD" />
22-->src\main\AndroidManifest.xml:15:5-74
22-->src\main\AndroidManifest.xml:15:22-71
23    <uses-permission android:name="android.permission.VIBRATE" />
23-->src\main\AndroidManifest.xml:16:5-66
23-->src\main\AndroidManifest.xml:16:22-63
24
25    <permission
25-->[androidx.core:core:1.12.0] AndroidManifest.xml:22:5-24:47
26        android:name="com.example.aifloatingball.DYNAMIC_RECEIVER_NOT_EXPORTED_PERMISSION"
26-->[androidx.core:core:1.12.0] AndroidManifest.xml:23:9-81
27        android:protectionLevel="signature" />
27-->[androidx.core:core:1.12.0] AndroidManifest.xml:24:9-44
28
29    <uses-permission android:name="com.example.aifloatingball.DYNAMIC_RECEIVER_NOT_EXPORTED_PERMISSION" />
29-->[androidx.core:core:1.12.0] AndroidManifest.xml:26:5-97
29-->[androidx.core:core:1.12.0] AndroidManifest.xml:26:22-94
30
31    <application
31-->src\main\AndroidManifest.xml:18:5-104:19
32        android:name="com.example.aifloatingball.App"
32-->src\main\AndroidManifest.xml:19:9-28
33        android:allowBackup="true"
33-->src\main\AndroidManifest.xml:20:9-35
34        android:appComponentFactory="androidx.core.app.CoreComponentFactory"
34-->[androidx.core:core:1.12.0] AndroidManifest.xml:28:18-86
35        android:extractNativeLibs="false"
36        android:icon="@mipmap/ic_launcher"
36-->src\main\AndroidManifest.xml:21:9-43
37        android:label="@string/app_name"
37-->src\main\AndroidManifest.xml:22:9-41
38        android:supportsRtl="true"
38-->src\main\AndroidManifest.xml:23:9-35
39        android:theme="@style/Theme.AIFloatingBall"
39-->src\main\AndroidManifest.xml:24:9-52
40        android:usesCleartextTraffic="true" >
40-->src\main\AndroidManifest.xml:25:9-44
41        <service
41-->src\main\AndroidManifest.xml:27:9-32:44
42            android:name="com.example.aifloatingball.FloatingWindowService"
42-->src\main\AndroidManifest.xml:28:13-50
43            android:enabled="true"
43-->src\main\AndroidManifest.xml:29:13-35
44            android:exported="false"
44-->src\main\AndroidManifest.xml:30:13-37
45            android:foregroundServiceType="specialUse"
45-->src\main\AndroidManifest.xml:31:13-55
46            android:stopWithTask="false" />
46-->src\main\AndroidManifest.xml:32:13-41
47        <service
47-->src\main\AndroidManifest.xml:34:9-38:60
48            android:name="com.example.aifloatingball.FloatingWebViewService"
48-->src\main\AndroidManifest.xml:35:13-51
49            android:enabled="true"
49-->src\main\AndroidManifest.xml:36:13-35
50            android:exported="false"
50-->src\main\AndroidManifest.xml:37:13-37
51            android:theme="@style/Theme.AppCompat.Light" />
51-->src\main\AndroidManifest.xml:38:13-57
52
53        <activity
53-->src\main\AndroidManifest.xml:40:9-48:20
54            android:name="com.example.aifloatingball.PermissionActivity"
54-->src\main\AndroidManifest.xml:41:13-47
55            android:exported="true"
55-->src\main\AndroidManifest.xml:42:13-36
56            android:theme="@style/Theme.AppCompat.Light" >
56-->src\main\AndroidManifest.xml:43:13-57
57            <intent-filter>
57-->src\main\AndroidManifest.xml:44:13-47:29
58                <action android:name="android.intent.action.MAIN" />
58-->src\main\AndroidManifest.xml:45:17-69
58-->src\main\AndroidManifest.xml:45:25-66
59
60                <category android:name="android.intent.category.LAUNCHER" />
60-->src\main\AndroidManifest.xml:46:17-77
60-->src\main\AndroidManifest.xml:46:27-74
61            </intent-filter>
62        </activity>
63        <activity
63-->src\main\AndroidManifest.xml:50:9-58:20
64            android:name="com.example.aifloatingball.SearchActivity"
64-->src\main\AndroidManifest.xml:51:13-69
65            android:exported="true"
65-->src\main\AndroidManifest.xml:52:13-36
66            android:theme="@style/Theme.AIFloatingBall" >
66-->src\main\AndroidManifest.xml:53:13-56
67            <intent-filter>
67-->src\main\AndroidManifest.xml:54:13-57:29
68                <action android:name="android.intent.action.SEARCH" />
68-->src\main\AndroidManifest.xml:55:17-71
68-->src\main\AndroidManifest.xml:55:25-68
69
70                <category android:name="android.intent.category.DEFAULT" />
70-->src\main\AndroidManifest.xml:56:17-76
70-->src\main\AndroidManifest.xml:56:27-73
71            </intent-filter>
72        </activity>
73        <activity
73-->src\main\AndroidManifest.xml:60:9-63:59
74            android:name="com.example.aifloatingball.SettingsActivity"
74-->src\main\AndroidManifest.xml:61:13-45
75            android:label="@string/settings"
75-->src\main\AndroidManifest.xml:62:13-45
76            android:theme="@style/Theme.AIFloatingBall" />
76-->src\main\AndroidManifest.xml:63:13-56
77        <activity
77-->src\main\AndroidManifest.xml:65:9-68:40
78            android:name="com.example.aifloatingball.ScreenshotActivity"
78-->src\main\AndroidManifest.xml:66:13-47
79            android:exported="false"
79-->src\main\AndroidManifest.xml:68:13-37
80            android:theme="@android:style/Theme.Translucent.NoTitleBar" />
80-->src\main\AndroidManifest.xml:67:13-72
81        <activity
81-->src\main\AndroidManifest.xml:70:9-74:39
82            android:name="com.example.aifloatingball.FullscreenWebViewActivity"
82-->src\main\AndroidManifest.xml:71:13-54
83            android:configChanges="orientation|keyboardHidden|screenSize"
83-->src\main\AndroidManifest.xml:73:13-74
84            android:exported="false"
84-->src\main\AndroidManifest.xml:74:13-37
85            android:theme="@style/Theme.AppCompat.NoActionBar" />
85-->src\main\AndroidManifest.xml:72:13-63
86        <activity
86-->src\main\AndroidManifest.xml:76:9-80:74
87            android:name="com.example.aifloatingball.SearchEngineSettingsActivity"
87-->src\main\AndroidManifest.xml:77:13-57
88            android:exported="false"
88-->src\main\AndroidManifest.xml:78:13-37
89            android:label="@string/search_engine_settings"
89-->src\main\AndroidManifest.xml:79:13-59
90            android:theme="@style/Theme.AppCompat.Light.DarkActionBar" />
90-->src\main\AndroidManifest.xml:80:13-71
91        <activity
91-->src\main\AndroidManifest.xml:82:9-86:40
92            android:name="com.example.aifloatingball.SearchWebViewActivity"
92-->src\main\AndroidManifest.xml:83:13-50
93            android:exported="false"
93-->src\main\AndroidManifest.xml:86:13-37
94            android:theme="@style/Theme.AppCompat.Light.NoActionBar"
94-->src\main\AndroidManifest.xml:84:13-69
95            android:windowSoftInputMode="adjustResize" />
95-->src\main\AndroidManifest.xml:85:13-55
96        <activity
96-->src\main\AndroidManifest.xml:88:9-92:40
97            android:name="com.example.aifloatingball.HomeActivity"
97-->src\main\AndroidManifest.xml:89:13-67
98            android:exported="false"
98-->src\main\AndroidManifest.xml:92:13-37
99            android:theme="@style/Theme.MaterialComponents.Light.NoActionBar"
99-->src\main\AndroidManifest.xml:90:13-78
100            android:windowSoftInputMode="adjustResize" />
100-->src\main\AndroidManifest.xml:91:13-55
101        <activity
101-->src\main\AndroidManifest.xml:94:9-98:40
102            android:name="com.example.aifloatingball.MenuSettingsActivity"
102-->src\main\AndroidManifest.xml:95:13-49
103            android:exported="false"
103-->src\main\AndroidManifest.xml:98:13-37
104            android:label="悬浮菜单设置"
104-->src\main\AndroidManifest.xml:96:13-35
105            android:theme="@style/Theme.AppCompat.Light.DarkActionBar" />
105-->src\main\AndroidManifest.xml:97:13-71
106        <activity
106-->src\main\AndroidManifest.xml:100:9-103:59
107            android:name="com.example.aifloatingball.MenuManagerActivity"
107-->src\main\AndroidManifest.xml:101:13-48
108            android:label="菜单管理"
108-->src\main\AndroidManifest.xml:102:13-33
109            android:theme="@style/Theme.AIFloatingBall" />
109-->src\main\AndroidManifest.xml:103:13-56
110
111        <uses-library
111-->[androidx.window:window:1.2.0] AndroidManifest.xml:23:9-25:40
112            android:name="androidx.window.extensions"
112-->[androidx.window:window:1.2.0] AndroidManifest.xml:24:13-54
113            android:required="false" />
113-->[androidx.window:window:1.2.0] AndroidManifest.xml:25:13-37
114        <uses-library
114-->[androidx.window:window:1.2.0] AndroidManifest.xml:26:9-28:40
115            android:name="androidx.window.sidecar"
115-->[androidx.window:window:1.2.0] AndroidManifest.xml:27:13-51
116            android:required="false" />
116-->[androidx.window:window:1.2.0] AndroidManifest.xml:28:13-37
117
118        <provider
118-->[androidx.emoji2:emoji2:1.2.0] AndroidManifest.xml:24:9-32:20
119            android:name="androidx.startup.InitializationProvider"
119-->[androidx.emoji2:emoji2:1.2.0] AndroidManifest.xml:25:13-67
120            android:authorities="com.example.aifloatingball.androidx-startup"
120-->[androidx.emoji2:emoji2:1.2.0] AndroidManifest.xml:26:13-68
121            android:exported="false" >
121-->[androidx.emoji2:emoji2:1.2.0] AndroidManifest.xml:27:13-37
122            <meta-data
122-->[androidx.emoji2:emoji2:1.2.0] AndroidManifest.xml:29:13-31:52
123                android:name="androidx.emoji2.text.EmojiCompatInitializer"
123-->[androidx.emoji2:emoji2:1.2.0] AndroidManifest.xml:30:17-75
124                android:value="androidx.startup" />
124-->[androidx.emoji2:emoji2:1.2.0] AndroidManifest.xml:31:17-49
125            <meta-data
125-->[androidx.lifecycle:lifecycle-process:2.7.0] AndroidManifest.xml:29:13-31:52
126                android:name="androidx.lifecycle.ProcessLifecycleInitializer"
126-->[androidx.lifecycle:lifecycle-process:2.7.0] AndroidManifest.xml:30:17-78
127                android:value="androidx.startup" />
127-->[androidx.lifecycle:lifecycle-process:2.7.0] AndroidManifest.xml:31:17-49
128            <meta-data
128-->[androidx.profileinstaller:profileinstaller:1.3.0] AndroidManifest.xml:29:13-31:52
129                android:name="androidx.profileinstaller.ProfileInstallerInitializer"
129-->[androidx.profileinstaller:profileinstaller:1.3.0] AndroidManifest.xml:30:17-85
130                android:value="androidx.startup" />
130-->[androidx.profileinstaller:profileinstaller:1.3.0] AndroidManifest.xml:31:17-49
131        </provider>
132
133        <receiver
133-->[androidx.profileinstaller:profileinstaller:1.3.0] AndroidManifest.xml:34:9-52:20
134            android:name="androidx.profileinstaller.ProfileInstallReceiver"
134-->[androidx.profileinstaller:profileinstaller:1.3.0] AndroidManifest.xml:35:13-76
135            android:directBootAware="false"
135-->[androidx.profileinstaller:profileinstaller:1.3.0] AndroidManifest.xml:36:13-44
136            android:enabled="true"
136-->[androidx.profileinstaller:profileinstaller:1.3.0] AndroidManifest.xml:37:13-35
137            android:exported="true"
137-->[androidx.profileinstaller:profileinstaller:1.3.0] AndroidManifest.xml:38:13-36
138            android:permission="android.permission.DUMP" >
138-->[androidx.profileinstaller:profileinstaller:1.3.0] AndroidManifest.xml:39:13-57
139            <intent-filter>
139-->[androidx.profileinstaller:profileinstaller:1.3.0] AndroidManifest.xml:40:13-42:29
140                <action android:name="androidx.profileinstaller.action.INSTALL_PROFILE" />
140-->[androidx.profileinstaller:profileinstaller:1.3.0] AndroidManifest.xml:41:17-91
140-->[androidx.profileinstaller:profileinstaller:1.3.0] AndroidManifest.xml:41:25-88
141            </intent-filter>
142            <intent-filter>
142-->[androidx.profileinstaller:profileinstaller:1.3.0] AndroidManifest.xml:43:13-45:29
143                <action android:name="androidx.profileinstaller.action.SKIP_FILE" />
143-->[androidx.profileinstaller:profileinstaller:1.3.0] AndroidManifest.xml:44:17-85
143-->[androidx.profileinstaller:profileinstaller:1.3.0] AndroidManifest.xml:44:25-82
144            </intent-filter>
145            <intent-filter>
145-->[androidx.profileinstaller:profileinstaller:1.3.0] AndroidManifest.xml:46:13-48:29
146                <action android:name="androidx.profileinstaller.action.SAVE_PROFILE" />
146-->[androidx.profileinstaller:profileinstaller:1.3.0] AndroidManifest.xml:47:17-88
146-->[androidx.profileinstaller:profileinstaller:1.3.0] AndroidManifest.xml:47:25-85
147            </intent-filter>
148            <intent-filter>
148-->[androidx.profileinstaller:profileinstaller:1.3.0] AndroidManifest.xml:49:13-51:29
149                <action android:name="androidx.profileinstaller.action.BENCHMARK_OPERATION" />
149-->[androidx.profileinstaller:profileinstaller:1.3.0] AndroidManifest.xml:50:17-95
149-->[androidx.profileinstaller:profileinstaller:1.3.0] AndroidManifest.xml:50:25-92
150            </intent-filter>
151        </receiver>
152    </application>
153
154</manifest>